02:15:36 **** Incremental Build of configuration Debug for project StopWatch ****
make all 
Building file: ../main.c
Invoking: AVR Compiler
avr-gcc -Wall -g2 -gstabs -O0 -fpack-struct -fshort-enums -ffunction-sections -fdata-sections -std=gnu99 -funsigned-char -funsigned-bitfields -mmcu=atmega32 -DF_CPU=1000000UL -MMD -MP -MF"main.d" -MT"main.o" -c -o "main.o" "../main.c"
In file included from ../header.h:10,
                 from ../main.c:8:
c:/winavr-20100110/lib/gcc/../../avr/include/util/delay.h:90:3: warning: #warning "Compiler optimizations disabled; functions from <util/delay.h> won't work as designed"
Finished building: ../main.c
 
Building target: StopWatch.elf
Invoking: AVR C Linker
avr-gcc -Wl,-Map,StopWatch.map -mmcu=atmega32 -o "StopWatch.elf"  ./PIN_CONF.o ./main.o   
Finished building target: StopWatch.elf
 
Invoking: AVR Create Extended Listing
avr-objdump -h -S StopWatch.elf  >"StopWatch.lss"
Finished building: StopWatch.lss
 
Create Flash image (ihex format)
avr-objcopy -R .eeprom -R .fuse -R .lock -R .signature -O ihex StopWatch.elf  "StopWatch.hex"
Finished building: StopWatch.hex
 
Invoking: Print Size
avr-size --format=avr --mcu=atmega32 StopWatch.elf
AVR Memory Usage
----------------
Device: atmega32

Program:    1714 bytes (5.2% Full)
(.text + .data + .bootloader)

Data:          9 bytes (0.4% Full)
(.data + .bss + .noinit)


Finished building: sizedummy
 

02:15:38 Build Finished. 0 errors, 1 warnings. (took 2s.9ms)

